
  .   ____          _            __ _ _
 /\\ / ___'_ __ _ _(_)_ __  __ _ \ \ \ \
( ( )\___ | '_ | '_| | '_ \/ _` | \ \ \ \
 \\/  ___)| |_)| | | | | || (_| |  ) ) ) )
  '  |____| .__|_| |_|_| |_\__, | / / / /
 =========|_|==============|___/=/_/_/_/

 :: Spring Boot ::                (v3.4.2)

2026-02-21T14:10:41.933+05:30  INFO 14604 --- [shelter-service] [           main] c.d.s.ShelterServiceApplication          : Starting ShelterServiceApplication v1.0.0 using Java 25.0.2 with PID 14604 (C:\Users\Janandi\Downloads\DISA-MICROSERVICE\backend\shelter-service\target\shelter-service-1.0.0.jar started by Janandi in c:\Users\Janandi\Downloads\DISA-MICROSERVICE\backend\shelter-service)
2026-02-21T14:10:41.937+05:30  INFO 14604 --- [shelter-service] [           main] c.d.s.ShelterServiceApplication          : No active profile set, falling back to 1 default profile: "default"
2026-02-21T14:10:43.964+05:30  INFO 14604 --- [shelter-service] [           main] .s.d.r.c.RepositoryConfigurationDelegate : Bootstrapping Spring Data JPA repositories in DEFAULT mode.
2026-02-21T14:10:44.069+05:30  INFO 14604 --- [shelter-service] [           main] .s.d.r.c.RepositoryConfigurationDelegate : Finished Spring Data repository scanning in 87 ms. Found 1 JPA repository interface.
WARNING: A restricted method in java.lang.System has been called
WARNING: java.lang.System::load has been called by org.apache.tomcat.jni.Library in an unnamed module (jar:nested:/C:/Users/Janandi/Downloads/DISA-MICROSERVICE/backend/shelter-service/target/shelter-service-1.0.0.jar/!BOOT-INF/lib/tomcat-embed-core-10.1.34.jar!/)
WARNING: Use --enable-native-access=ALL-UNNAMED to avoid a warning for callers in this module
WARNING: Restricted methods will be blocked in a future release unless native access is enabled

2026-02-21T14:10:45.096+05:30  INFO 14604 --- [shelter-service] [           main] o.s.b.w.embedded.tomcat.TomcatWebServer  : Tomcat initialized with port 8085 (http)
2026-02-21T14:10:45.114+05:30  INFO 14604 --- [shelter-service] [           main] o.apache.catalina.core.StandardService   : Starting service [Tomcat]
2026-02-21T14:10:45.114+05:30  INFO 14604 --- [shelter-service] [           main] o.apache.catalina.core.StandardEngine    : Starting Servlet engine: [Apache Tomcat/10.1.34]
2026-02-21T14:10:45.166+05:30  INFO 14604 --- [shelter-service] [           main] o.a.c.c.C.[Tomcat].[localhost].[/]       : Initializing Spring embedded WebApplicationContext
2026-02-21T14:10:45.167+05:30  INFO 14604 --- [shelter-service] [           main] w.s.c.ServletWebServerApplicationContext : Root WebApplicationContext: initialization completed in 3132 ms
2026-02-21T14:10:45.469+05:30  INFO 14604 --- [shelter-service] [           main] o.hibernate.jpa.internal.util.LogHelper  : HHH000204: Processing PersistenceUnitInfo [name: default]
2026-02-21T14:10:45.571+05:30  INFO 14604 --- [shelter-service] [           main] org.hibernate.Version                    : HHH000412: Hibernate ORM core version 6.6.5.Final
2026-02-21T14:10:45.624+05:30  INFO 14604 --- [shelter-service] [           main] o.h.c.internal.RegionFactoryInitiator    : HHH000026: Second-level cache disabled
2026-02-21T14:10:46.208+05:30  INFO 14604 --- [shelter-service] [           main] o.s.o.j.p.SpringPersistenceUnitInfo      : No LoadTimeWeaver setup: ignoring JPA class transformer
2026-02-21T14:10:46.258+05:30  INFO 14604 --- [shelter-service] [           main] com.zaxxer.hikari.HikariDataSource       : HikariPool-1 - Starting...
2026-02-21T14:10:50.100+05:30  INFO 14604 --- [shelter-service] [           main] com.zaxxer.hikari.pool.HikariPool        : HikariPool-1 - Added connection org.postgresql.jdbc.PgConnection@3d6778d5
2026-02-21T14:10:50.107+05:30  INFO 14604 --- [shelter-service] [           main] com.zaxxer.hikari.HikariDataSource       : HikariPool-1 - Start completed.
2026-02-21T14:10:50.500+05:30  WARN 14604 --- [shelter-service] [           main] org.hibernate.orm.deprecation            : HHH90000025: PostgreSQLDialect does not need to be specified explicitly using 'hibernate.dialect' (remove the property setting and it will be selected by default)
2026-02-21T14:10:51.122+05:30  INFO 14604 --- [shelter-service] [           main] org.hibernate.orm.connections.pooling    : HHH10001005: Database info:
	Database JDBC URL [Connecting through datasource 'HikariDataSource (HikariPool-1)']
	Database driver: undefined/unknown
	Database version: 17.8
	Autocommit mode: undefined/unknown
	Isolation level: undefined/unknown
	Minimum pool size: undefined/unknown
	Maximum pool size: undefined/unknown
2026-02-21T14:10:52.321+05:30  INFO 14604 --- [shelter-service] [           main] o.h.e.t.j.p.i.JtaPlatformInitiator       : HHH000489: No JTA platform available (set 'hibernate.transaction.jta.platform' to enable JTA platform integration)
Hibernate: create table shelter (id bigint generated by default as identity, address varchar(255), contact_number varchar(255), contact_person varchar(255), created_at timestamp(6), current_occupancy integer, facilities varchar(1000), latitude float(53), longitude float(53), name varchar(255), shelter_code varchar(255), status varchar(255) check (status in ('OPERATIONAL','FULL','CLOSED','UNDER_PREPARATION')), total_capacity integer, updated_at timestamp(6), primary key (id))
2026-02-21T14:10:54.061+05:30  INFO 14604 --- [shelter-service] [           main] j.LocalContainerEntityManagerFactoryBean : Initialized JPA EntityManagerFactory for persistence unit 'default'
2026-02-21T14:10:54.768+05:30  WARN 14604 --- [shelter-service] [           main] JpaBaseConfiguration$JpaWebConfiguration : spring.jpa.open-in-view is enabled by default. Therefore, database queries may be performed during view rendering. Explicitly configure spring.jpa.open-in-view to disable this warning
2026-02-21T14:10:54.797+05:30  WARN 14604 --- [shelter-service] [           main] .s.s.UserDetailsServiceAutoConfiguration : 

Using generated security password: c2bdd6f0-ae89-4e19-9cb4-d240d4510992

This generated password is for development use only. Your security configuration must be updated before running your application in production.

2026-02-21T14:10:54.828+05:30  INFO 14604 --- [shelter-service] [           main] r$InitializeUserDetailsManagerConfigurer : Global AuthenticationManager configured with UserDetailsService bean with name inMemoryUserDetailsManager
2026-02-21T14:10:55.679+05:30  INFO 14604 --- [shelter-service] [           main] o.s.b.w.embedded.tomcat.TomcatWebServer  : Tomcat started on port 8085 (http) with context path '/'
2026-02-21T14:10:55.694+05:30  INFO 14604 --- [shelter-service] [           main] c.d.s.ShelterServiceApplication          : Started ShelterServiceApplication in 14.867 seconds (process running for 15.72)
